<?xml version="1.0" encoding="UTF-8"?>
<!-- Generated by org.testng.reporters.JUnitReportReporter -->
<testsuite hostname="DESKTOP-M0FLA98" failures="0" tests="2" name="test.TC_003_ProductSelectionTest" time="16.592" errors="0" timestamp="2024-12-20T11:00:37 IST" skipped="0">
  <testcase classname="test.TC_003_ProductSelectionTest" name="productselectionTest" time="7.651"/>
  <system-out/>
  <testcase classname="test.TC_003_ProductSelectionTest" name="productselectionTest" time="8.941"/>
  <system-out/>
</testsuite> <!-- test.TC_003_ProductSelectionTest -->
