<?xml version="1.0" encoding="UTF-8"?>
<!-- Generated by org.testng.reporters.JUnitReportReporter -->
<testsuite hostname="DESKTOP-M0FLA98" failures="0" tests="2" name="test.TC_004_CheckoutTest" time="16.186" errors="0" timestamp="2024-12-20T11:00:37 IST" skipped="0">
  <testcase classname="test.TC_004_CheckoutTest" name="CheckoutTest" time="8.855"/>
  <system-out/>
  <testcase classname="test.TC_004_CheckoutTest" name="CheckoutTest" time="7.331"/>
  <system-out/>
</testsuite> <!-- test.TC_004_CheckoutTest -->
