<?xml version="1.0" encoding="UTF-8"?>
<!-- Generated by org.testng.reporters.JUnitReportReporter -->
<testsuite hostname="DESKTOP-M0FLA98" failures="0" tests="2" name="test.TC_002_LoginTest" time="12.564" errors="0" timestamp="2024-12-20T11:00:37 IST" skipped="0">
  <testcase classname="test.TC_002_LoginTest" name="logintest" time="5.774"/>
  <system-out/>
  <testcase classname="test.TC_002_LoginTest" name="logintest" time="6.790"/>
  <system-out/>
</testsuite> <!-- test.TC_002_LoginTest -->
