<?xml version="1.0" encoding="UTF-8"?>
<!-- Generated by org.testng.reporters.JUnitReportReporter -->
<testsuite hostname="DESKTOP-M0FLA98" failures="0" tests="3" name="test.TC_001_SignupTest" time="19.056" errors="0" timestamp="2024-12-20T11:12:09 IST" skipped="0">
  <testcase classname="test.TC_001_SignupTest" name="signup" time="5.563"/>
  <testcase classname="test.TC_001_SignupTest" name="signup" time="6.262"/>
  <testcase classname="test.TC_001_SignupTest" name="signup" time="7.231"/>
</testsuite> <!-- test.TC_001_SignupTest -->
