<?xml version="1.0" encoding="UTF-8"?>
<!-- Generated by org.testng.reporters.JUnitReportReporter -->
<testsuite hostname="DESKTOP-M0FLA98" failures="0" tests="2" name="test.TC_005_InvalidLoginTest" time="12.445" errors="0" timestamp="2024-12-20T11:12:09 IST" skipped="0">
  <testcase classname="test.TC_005_InvalidLoginTest" name="invalidlogintest" time="5.899"/>
  <testcase classname="test.TC_005_InvalidLoginTest" name="invalidlogintest" time="6.546"/>
</testsuite> <!-- test.TC_005_InvalidLoginTest -->
